<?xml version="1.0" encoding="UTF-8"?>
<testsuite xmlns:xsi="http://www.w3.org/2001/XMLSchema-instance" xsi:schemaLocation="https://maven.apache.org/surefire/maven-surefire-plugin/xsd/surefire-test-report.xsd" name="com.napier.Ambry.AmbryIntegrationTest" time="30.479" tests="37" errors="0" skipped="0" failures="0">
  <properties>
    <property name="idea.version" value="2023.3.2"/>
    <property name="java.runtime.name" value="OpenJDK Runtime Environment"/>
    <property name="java.vm.version" value="17.0.5+8"/>
    <property name="sun.boot.library.path" value="/Library/Java/JavaVirtualMachines/temurin-17.jdk/Contents/Home/lib"/>
    <property name="maven.multiModuleProjectDirectory" value="/Users/harry/Desktop/All/University/Year 2/TR2/Software Engineering Methods/Ambry"/>
    <property name="java.vm.vendor" value="Eclipse Adoptium"/>
    <property name="java.vendor.url" value="https://adoptium.net/"/>
    <property name="guice.disable.misplaced.annotation.check" value="true"/>
    <property name="path.separator" value=":"/>
    <property name="java.vm.name" value="OpenJDK 64-Bit Server VM"/>
    <property name="user.country" value="GB"/>
    <property name="sun.java.launcher" value="SUN_STANDARD"/>
    <property name="java.vm.specification.name" value="Java Virtual Machine Specification"/>
    <property name="user.dir" value="/Users/harry/Desktop/All/University/Year 2/TR2/Software Engineering Methods/Ambry"/>
    <property name="java.vm.compressedOopsMode" value="Zero based"/>
    <property name="java.runtime.version" value="17.0.5+8"/>
    <property name="os.arch" value="aarch64"/>
    <property name="java.io.tmpdir" value="/var/folders/qt/v93l2xls79ng8bq78n_tlq640000gn/T/"/>
    <property name="line.separator" value="&#10;"/>
    <property name="java.vm.specification.vendor" value="Oracle Corporation"/>
    <property name="os.name" value="Mac OS X"/>
    <property name="maven.ext.class.path" value="/Applications/IntelliJ IDEA.app/Contents/plugins/maven/lib/maven-event-listener.jar"/>
    <property name="classworlds.conf" value="/Applications/IntelliJ IDEA.app/Contents/plugins/maven/lib/maven3/bin/m2.conf"/>
    <property name="sun.jnu.encoding" value="UTF-8"/>
    <property name="java.library.path" value="/Users/harry/Library/Java/Extensions:/Library/Java/Extensions:/Network/Library/Java/Extensions:/System/Library/Java/Extensions:/usr/lib/java:."/>
    <property name="jansi.passthrough" value="true"/>
    <property name="maven.conf" value="/Applications/IntelliJ IDEA.app/Contents/plugins/maven/lib/maven3/conf"/>
    <property name="jdk.debug" value="release"/>
    <property name="java.class.version" value="61.0"/>
    <property name="java.specification.name" value="Java Platform API Specification"/>
    <property name="sun.management.compiler" value="HotSpot 64-Bit Tiered Compilers"/>
    <property name="os.version" value="14.3"/>
    <property name="http.nonProxyHosts" value="local|*.local|169.254/16|*.169.254/16"/>
    <property name="user.home" value="/Users/harry"/>
    <property name="user.timezone" value="Europe/London"/>
    <property name="file.encoding" value="UTF-8"/>
    <property name="java.specification.version" value="17"/>
    <property name="user.name" value="harry"/>
    <property name="java.class.path" value="/Applications/IntelliJ IDEA.app/Contents/plugins/maven/lib/maven3/boot/plexus-classworlds.license:/Applications/IntelliJ IDEA.app/Contents/plugins/maven/lib/maven3/boot/plexus-classworlds-2.7.0.jar"/>
    <property name="java.vm.specification.version" value="17"/>
    <property name="sun.arch.data.model" value="64"/>
    <property name="sun.java.command" value="org.codehaus.classworlds.Launcher -Didea.version=2023.3.2 package"/>
    <property name="java.home" value="/Library/Java/JavaVirtualMachines/temurin-17.jdk/Contents/Home"/>
    <property name="user.language" value="en"/>
    <property name="java.specification.vendor" value="Oracle Corporation"/>
    <property name="java.vm.info" value="mixed mode"/>
    <property name="java.version" value="17.0.5"/>
    <property name="native.encoding" value="UTF-8"/>
    <property name="java.vendor" value="Eclipse Adoptium"/>
    <property name="maven.home" value="/Applications/IntelliJ IDEA.app/Contents/plugins/maven/lib/maven3"/>
    <property name="file.separator" value="/"/>
    <property name="java.version.date" value="2022-10-18"/>
    <property name="java.vendor.url.bug" value="https://github.com/adoptium/adoptium-support/issues"/>
    <property name="sun.io.unicode.encoding" value="UnicodeBig"/>
    <property name="sun.cpu.endian" value="little"/>
    <property name="java.vendor.version" value="Temurin-17.0.5+8"/>
    <property name="socksNonProxyHosts" value="local|*.local|169.254/16|*.169.254/16"/>
    <property name="ftp.nonProxyHosts" value="local|*.local|169.254/16|*.169.254/16"/>
  </properties>
  <testcase name="testspeaksLanguage" classname="com.napier.Ambry.AmbryIntegrationTest" time="0.033"/>
  <testcase name="testTopCitiesContinent" classname="com.napier.Ambry.AmbryIntegrationTest" time="0.023"/>
  <testcase name="testPopulationLivingInCitiesRegion" classname="com.napier.Ambry.AmbryIntegrationTest" time="0.002"/>
  <testcase name="testCountryStandard" classname="com.napier.Ambry.AmbryIntegrationTest" time="0.005"/>
  <testcase name="testGetAllCountryPerRegion" classname="com.napier.Ambry.AmbryIntegrationTest" time="0.002"/>
  <testcase name="testTopCitiesDistrict" classname="com.napier.Ambry.AmbryIntegrationTest" time="0.006"/>
  <testcase name="testRegionCities" classname="com.napier.Ambry.AmbryIntegrationTest" time="0.018"/>
  <testcase name="testTopCitiesCountry" classname="com.napier.Ambry.AmbryIntegrationTest" time="0.004"/>
  <testcase name="testTopNContinent" classname="com.napier.Ambry.AmbryIntegrationTest" time="0.002"/>
  <testcase name="testPopulationNotLivingInCitiesCountry" classname="com.napier.Ambry.AmbryIntegrationTest" time="0.007"/>
  <testcase name="testPopulationNotLivingInCitiesRegion" classname="com.napier.Ambry.AmbryIntegrationTest" time="0.006"/>
  <testcase name="testTopCitiesRegion" classname="com.napier.Ambry.AmbryIntegrationTest" time="0.006"/>
  <testcase name="testDistrictCities" classname="com.napier.Ambry.AmbryIntegrationTest" time="0.002"/>
  <testcase name="testWorldCapitals" classname="com.napier.Ambry.AmbryIntegrationTest" time="0.004"/>
  <testcase name="testCountryCities" classname="com.napier.Ambry.AmbryIntegrationTest" time="0.005"/>
  <testcase name="testTopNRegion" classname="com.napier.Ambry.AmbryIntegrationTest" time="0.001"/>
  <testcase name="testWorldCities" classname="com.napier.Ambry.AmbryIntegrationTest" time="0.022"/>
  <testcase name="testPopulationNotLivingInCitiesContinent" classname="com.napier.Ambry.AmbryIntegrationTest" time="0.006"/>
  <testcase name="testPopulationInCountry" classname="com.napier.Ambry.AmbryIntegrationTest" time="0.009"/>
  <testcase name="testCapitalContinent" classname="com.napier.Ambry.AmbryIntegrationTest" time="0.004"/>
  <testcase name="testTopNWorld" classname="com.napier.Ambry.AmbryIntegrationTest" time="0.001"/>
  <testcase name="testCityPop" classname="com.napier.Ambry.AmbryIntegrationTest" time="0.002"/>
  <testcase name="testPopulationInRegion" classname="com.napier.Ambry.AmbryIntegrationTest" time="0.005"/>
  <testcase name="testPopulationLivingInCitiesContinent" classname="com.napier.Ambry.AmbryIntegrationTest" time="0.002"/>
  <testcase name="testDistrictPop" classname="com.napier.Ambry.AmbryIntegrationTest" time="0.001"/>
  <testcase name="testPopulationInContinent" classname="com.napier.Ambry.AmbryIntegrationTest" time="0.005"/>
  <testcase name="testCapitalWorld" classname="com.napier.Ambry.AmbryIntegrationTest" time="0.006"/>
  <testcase name="testWorldPop" classname="com.napier.Ambry.AmbryIntegrationTest" time="0.001"/>
  <testcase name="testRegionCapitals" classname="com.napier.Ambry.AmbryIntegrationTest" time="0.002"/>
  <testcase name="testContinentCities" classname="com.napier.Ambry.AmbryIntegrationTest" time="0.008"/>
  <testcase name="testPopulationLivingInCitiesCountry" classname="com.napier.Ambry.AmbryIntegrationTest" time="0.002"/>
  <testcase name="testGetAllCountryLargeToSmall" classname="com.napier.Ambry.AmbryIntegrationTest" time="0.002"/>
  <testcase name="testCapitalRegion" classname="com.napier.Ambry.AmbryIntegrationTest" time="0.005"/>
  <testcase name="testCityStandard" classname="com.napier.Ambry.AmbryIntegrationTest" time="0.001"/>
  <testcase name="testGetAllCountryPerContinent" classname="com.napier.Ambry.AmbryIntegrationTest" time="0.001"/>
  <testcase name="testTopCitiesWorld" classname="com.napier.Ambry.AmbryIntegrationTest" time="0.002"/>
  <testcase name="testContinentCapitals" classname="com.napier.Ambry.AmbryIntegrationTest" time="0.003"/>
</testsuite>