<?xml version="1.0" encoding="UTF-8"?>
<testsuite xmlns:xsi="http://www.w3.org/2001/XMLSchema-instance" xsi:schemaLocation="https://maven.apache.org/surefire/maven-surefire-plugin/xsd/surefire-test-report.xsd" name="com.napier.Ambry.AmbryIntegrationTest" time="31.512" tests="33" errors="0" skipped="0" failures="0">
  <properties>
    <property name="idea.version" value="2023.3.5"/>
    <property name="java.runtime.name" value="Java(TM) SE Runtime Environment"/>
    <property name="java.vm.version" value="17.0.6+9-LTS-190"/>
    <property name="sun.boot.library.path" value="C:\Program Files\Java\jdk-17\bin"/>
    <property name="maven.multiModuleProjectDirectory" value="C:\Users\Sam\Desktop\University\Year 2\Trimester-2\Software Engineering Methods\ambry"/>
    <property name="java.vm.vendor" value="Oracle Corporation"/>
    <property name="java.vendor.url" value="https://java.oracle.com/"/>
    <property name="guice.disable.misplaced.annotation.check" value="true"/>
    <property name="path.separator" value=";"/>
    <property name="java.vm.name" value="Java HotSpot(TM) 64-Bit Server VM"/>
    <property name="sun.os.patch.level" value=""/>
    <property name="user.script" value=""/>
    <property name="user.country" value="GB"/>
    <property name="sun.java.launcher" value="SUN_STANDARD"/>
    <property name="java.vm.specification.name" value="Java Virtual Machine Specification"/>
    <property name="user.dir" value="C:\Users\Sam\Desktop\University\Year 2\Trimester-2\Software Engineering Methods\ambry"/>
    <property name="java.vm.compressedOopsMode" value="32-bit"/>
    <property name="java.runtime.version" value="17.0.6+9-LTS-190"/>
    <property name="os.arch" value="amd64"/>
    <property name="java.io.tmpdir" value="C:\Users\Sam\AppData\Local\Temp\"/>
    <property name="line.separator" value="&#10;"/>
    <property name="java.vm.specification.vendor" value="Oracle Corporation"/>
    <property name="user.variant" value=""/>
    <property name="os.name" value="Windows 10"/>
    <property name="maven.ext.class.path" value="C:\Program Files\JetBrains\IntelliJ IDEA 2023.3.2\plugins\maven\lib\maven-event-listener.jar"/>
    <property name="classworlds.conf" value="C:\Program Files\JetBrains\IntelliJ IDEA 2023.3.2\plugins\maven\lib\maven3\bin\m2.conf"/>
    <property name="sun.jnu.encoding" value="Cp1252"/>
    <property name="java.library.path" value="C:\Program Files\Java\jdk-17\bin;C:\WINDOWS\Sun\Java\bin;C:\WINDOWS\system32;C:\WINDOWS;C:\Program Files\Common Files\Oracle\Java\javapath;C:\WINDOWS\system32;C:\WINDOWS;C:\WINDOWS\System32\Wbem;C:\WINDOWS\System32\WindowsPowerShell\v1.0\;C:\WINDOWS\System32\OpenSSH\;C:\Program Files (x86)\IVI Foundation\VISA\WinNT\Bin;C:\Program Files\dotnet\;C:\Program Files\Git\cmd;C:\Program Files\Docker\Docker\resources\bin;C:\Program Files\Microsoft SQL Server\150\Tools\Binn\;C:\Program Files\Microsoft SQL Server\Client SDK\ODBC\170\Tools\Binn\;C:\Users\Sam\AppData\Local\Microsoft\WindowsApps;C:\ghcup\bin;C:\Users\Sam\.dotnet\tools;."/>
    <property name="jansi.passthrough" value="true"/>
    <property name="maven.conf" value="C:\Program Files\JetBrains\IntelliJ IDEA 2023.3.2\plugins\maven\lib\maven3/conf"/>
    <property name="jdk.debug" value="release"/>
    <property name="java.class.version" value="61.0"/>
    <property name="java.specification.name" value="Java Platform API Specification"/>
    <property name="sun.management.compiler" value="HotSpot 64-Bit Tiered Compilers"/>
    <property name="os.version" value="10.0"/>
    <property name="user.home" value="C:\Users\Sam"/>
    <property name="user.timezone" value="Europe/London"/>
    <property name="file.encoding" value="UTF-8"/>
    <property name="java.specification.version" value="17"/>
    <property name="user.name" value="Sam"/>
    <property name="java.class.path" value="C:\Program Files\JetBrains\IntelliJ IDEA 2023.3.2\plugins\maven\lib\maven3\boot\plexus-classworlds-2.7.0.jar;C:\Program Files\JetBrains\IntelliJ IDEA 2023.3.2\plugins\maven\lib\maven3\boot\plexus-classworlds.license"/>
    <property name="java.vm.specification.version" value="17"/>
    <property name="sun.arch.data.model" value="64"/>
    <property name="sun.java.command" value="org.codehaus.classworlds.Launcher -Didea.version=2023.3.5 package"/>
    <property name="java.home" value="C:\Program Files\Java\jdk-17"/>
    <property name="user.language" value="en"/>
    <property name="java.specification.vendor" value="Oracle Corporation"/>
    <property name="java.vm.info" value="mixed mode, sharing"/>
    <property name="java.version" value="17.0.6"/>
    <property name="native.encoding" value="Cp1252"/>
    <property name="java.vendor" value="Oracle Corporation"/>
    <property name="maven.home" value="C:\Program Files\JetBrains\IntelliJ IDEA 2023.3.2\plugins\maven\lib\maven3"/>
    <property name="file.separator" value="\"/>
    <property name="java.version.date" value="2023-01-17"/>
    <property name="java.vendor.url.bug" value="https://bugreport.java.com/bugreport/"/>
    <property name="sun.io.unicode.encoding" value="UnicodeLittle"/>
    <property name="sun.cpu.endian" value="little"/>
    <property name="sun.cpu.isalist" value="amd64"/>
  </properties>
  <testcase name="testTopCitiesContinent" classname="com.napier.Ambry.AmbryIntegrationTest" time="0.153"/>
  <testcase name="testPopulationLivingInCitiesRegion" classname="com.napier.Ambry.AmbryIntegrationTest" time="0.008"/>
  <testcase name="testCountryStandard" classname="com.napier.Ambry.AmbryIntegrationTest" time="0.025"/>
  <testcase name="testGetAllCountryPerRegion" classname="com.napier.Ambry.AmbryIntegrationTest" time="0.008"/>
  <testcase name="testTopCitiesDistrict" classname="com.napier.Ambry.AmbryIntegrationTest" time="0.01"/>
  <testcase name="testRegionCities" classname="com.napier.Ambry.AmbryIntegrationTest" time="0.035"/>
  <testcase name="testTopCitiesCountry" classname="com.napier.Ambry.AmbryIntegrationTest" time="0.015"/>
  <testcase name="testTopNContinent" classname="com.napier.Ambry.AmbryIntegrationTest" time="0.006"/>
  <testcase name="testPopulationNotLivingInCitiesCountry" classname="com.napier.Ambry.AmbryIntegrationTest" time="0.017"/>
  <testcase name="testPopulationNotLivingInCitiesRegion" classname="com.napier.Ambry.AmbryIntegrationTest" time="0.014"/>
  <testcase name="testTopCitiesRegion" classname="com.napier.Ambry.AmbryIntegrationTest" time="0.011"/>
  <testcase name="testDistrictCities" classname="com.napier.Ambry.AmbryIntegrationTest" time="0.009"/>
  <testcase name="testWorldCapitals" classname="com.napier.Ambry.AmbryIntegrationTest" time="0.016"/>
  <testcase name="testCountryCities" classname="com.napier.Ambry.AmbryIntegrationTest" time="0.023"/>
  <testcase name="testTopNRegion" classname="com.napier.Ambry.AmbryIntegrationTest" time="0.006"/>
  <testcase name="testWorldCities" classname="com.napier.Ambry.AmbryIntegrationTest" time="0.058"/>
  <testcase name="testPopulationNotLivingInCitiesContinent" classname="com.napier.Ambry.AmbryIntegrationTest" time="0.015"/>
  <testcase name="testPopulationInCountry" classname="com.napier.Ambry.AmbryIntegrationTest" time="0.032"/>
  <testcase name="testCapitalContinent" classname="com.napier.Ambry.AmbryIntegrationTest" time="0.017"/>
  <testcase name="testTopNWorld" classname="com.napier.Ambry.AmbryIntegrationTest" time="0.005"/>
  <testcase name="testPopulationInRegion" classname="com.napier.Ambry.AmbryIntegrationTest" time="0.026"/>
  <testcase name="testPopulationLivingInCitiesContinent" classname="com.napier.Ambry.AmbryIntegrationTest" time="0.007"/>
  <testcase name="testPopulationInContinent" classname="com.napier.Ambry.AmbryIntegrationTest" time="0.022"/>
  <testcase name="testCapitalWorld" classname="com.napier.Ambry.AmbryIntegrationTest" time="0.025"/>
  <testcase name="testRegionCapitals" classname="com.napier.Ambry.AmbryIntegrationTest" time="0.01"/>
  <testcase name="testContinentCities" classname="com.napier.Ambry.AmbryIntegrationTest" time="0.039"/>
  <testcase name="testPopulationLivingInCitiesCountry" classname="com.napier.Ambry.AmbryIntegrationTest" time="0.011"/>
  <testcase name="testGetAllCountryLargeToSmall" classname="com.napier.Ambry.AmbryIntegrationTest" time="0.009"/>
  <testcase name="testCapitalRegion" classname="com.napier.Ambry.AmbryIntegrationTest" time="0.019"/>
  <testcase name="testCityStandard" classname="com.napier.Ambry.AmbryIntegrationTest" time="0.004"/>
  <testcase name="testGetAllCountryPerContinent" classname="com.napier.Ambry.AmbryIntegrationTest" time="0.005"/>
  <testcase name="testTopCitiesWorld" classname="com.napier.Ambry.AmbryIntegrationTest" time="0.008"/>
  <testcase name="testContinentCapitals" classname="com.napier.Ambry.AmbryIntegrationTest" time="0.01"/>
</testsuite>