<?xml version="1.0" encoding="UTF-8"?>
<testsuite xmlns:xsi="http://www.w3.org/2001/XMLSchema-instance" xsi:schemaLocation="https://maven.apache.org/surefire/maven-surefire-plugin/xsd/surefire-test-report.xsd" name="com.napier.Ambry.AmbryIntegrationTest" time="31.021" tests="33" errors="0" skipped="0" failures="0">
  <properties>
    <property name="idea.version" value="2024.1"/>
    <property name="java.runtime.name" value="OpenJDK Runtime Environment"/>
    <property name="java.vm.version" value="17+35-2724"/>
    <property name="sun.boot.library.path" value="C:\Users\murdo\.jdks\jdk-17\bin"/>
    <property name="maven.multiModuleProjectDirectory" value="C:\Users\murdo\Desktop\SEM\Ambry"/>
    <property name="java.vm.vendor" value="Oracle Corporation"/>
    <property name="java.vendor.url" value="https://java.oracle.com/"/>
    <property name="guice.disable.misplaced.annotation.check" value="true"/>
    <property name="path.separator" value=";"/>
    <property name="java.vm.name" value="OpenJDK 64-Bit Server VM"/>
    <property name="sun.os.patch.level" value=""/>
    <property name="user.script" value=""/>
    <property name="user.country" value="GB"/>
    <property name="sun.java.launcher" value="SUN_STANDARD"/>
    <property name="java.vm.specification.name" value="Java Virtual Machine Specification"/>
    <property name="user.dir" value="C:\Users\murdo\Desktop\SEM\Ambry"/>
    <property name="java.vm.compressedOopsMode" value="32-bit"/>
    <property name="java.runtime.version" value="17+35-2724"/>
    <property name="os.arch" value="amd64"/>
    <property name="java.io.tmpdir" value="C:\Users\murdo\AppData\Local\Temp\"/>
    <property name="line.separator" value="&#10;"/>
    <property name="java.vm.specification.vendor" value="Oracle Corporation"/>
    <property name="user.variant" value=""/>
    <property name="os.name" value="Windows 10"/>
    <property name="maven.ext.class.path" value="C:\Program Files\JetBrains\IntelliJ IDEA 2024.1\plugins\maven\lib\maven-event-listener.jar"/>
    <property name="classworlds.conf" value="C:\Program Files\JetBrains\IntelliJ IDEA 2024.1\plugins\maven\lib\maven3\bin\m2.conf"/>
    <property name="sun.jnu.encoding" value="Cp1252"/>
    <property name="java.library.path" value="C:\Users\murdo\.jdks\jdk-17\bin;C:\WINDOWS\Sun\Java\bin;C:\WINDOWS\system32;C:\WINDOWS;C:\WINDOWS\system32;C:\WINDOWS;C:\WINDOWS\System32\Wbem;C:\WINDOWS\System32\WindowsPowerShell\v1.0\;C:\WINDOWS\System32\OpenSSH\;C:\Program Files\dotnet\;C:\Program Files\Git\cmd;C:\Program Files\Docker\Docker\resources\bin;C:\Program Files (x86)\Windows Kits\10\Windows Performance Toolkit\;C:\Users\murdo\AppData\Local\Microsoft\WindowsApps;C:\Users\murdo\.dotnet\tools;."/>
    <property name="jansi.passthrough" value="true"/>
    <property name="maven.conf" value="C:\Program Files\JetBrains\IntelliJ IDEA 2024.1\plugins\maven\lib\maven3/conf"/>
    <property name="jdk.debug" value="release"/>
    <property name="java.class.version" value="61.0"/>
    <property name="java.specification.name" value="Java Platform API Specification"/>
    <property name="sun.management.compiler" value="HotSpot 64-Bit Tiered Compilers"/>
    <property name="os.version" value="10.0"/>
    <property name="user.home" value="C:\Users\murdo"/>
    <property name="user.timezone" value="Europe/London"/>
    <property name="file.encoding" value="UTF-8"/>
    <property name="java.specification.version" value="17"/>
    <property name="user.name" value="murdo"/>
    <property name="java.class.path" value="C:\Program Files\JetBrains\IntelliJ IDEA 2024.1\plugins\maven\lib\maven3\boot\plexus-classworlds-2.7.0.jar;C:\Program Files\JetBrains\IntelliJ IDEA 2024.1\plugins\maven\lib\maven3\boot\plexus-classworlds.license"/>
    <property name="java.vm.specification.version" value="17"/>
    <property name="sun.arch.data.model" value="64"/>
    <property name="sun.java.command" value="org.codehaus.classworlds.Launcher -Didea.version=2024.1 package"/>
    <property name="java.home" value="C:\Users\murdo\.jdks\jdk-17"/>
    <property name="user.language" value="en"/>
    <property name="java.specification.vendor" value="Oracle Corporation"/>
    <property name="java.vm.info" value="mixed mode, sharing"/>
    <property name="java.version" value="17"/>
    <property name="native.encoding" value="Cp1252"/>
    <property name="java.vendor" value="Oracle Corporation"/>
    <property name="maven.home" value="C:\Program Files\JetBrains\IntelliJ IDEA 2024.1\plugins\maven\lib\maven3"/>
    <property name="file.separator" value="\"/>
    <property name="java.version.date" value="2021-09-14"/>
    <property name="java.vendor.url.bug" value="https://bugreport.java.com/bugreport/"/>
    <property name="sun.io.unicode.encoding" value="UnicodeLittle"/>
    <property name="sun.cpu.endian" value="little"/>
    <property name="sun.cpu.isalist" value="amd64"/>
  </properties>
  <testcase name="testTopCitiesContinent" classname="com.napier.Ambry.AmbryIntegrationTest" time="0.149"/>
  <testcase name="testPopulationLivingInCitiesRegion" classname="com.napier.Ambry.AmbryIntegrationTest" time="0.006"/>
  <testcase name="testCountryStandard" classname="com.napier.Ambry.AmbryIntegrationTest" time="0.02"/>
  <testcase name="testGetAllCountryPerRegion" classname="com.napier.Ambry.AmbryIntegrationTest" time="0.005"/>
  <testcase name="testTopCitiesDistrict" classname="com.napier.Ambry.AmbryIntegrationTest" time="0.004"/>
  <testcase name="testRegionCities" classname="com.napier.Ambry.AmbryIntegrationTest" time="0.015"/>
  <testcase name="testTopCitiesCountry" classname="com.napier.Ambry.AmbryIntegrationTest" time="0.006"/>
  <testcase name="testTopNContinent" classname="com.napier.Ambry.AmbryIntegrationTest" time="0.004"/>
  <testcase name="testPopulationNotLivingInCitiesCountry" classname="com.napier.Ambry.AmbryIntegrationTest" time="0.01"/>
  <testcase name="testPopulationNotLivingInCitiesRegion" classname="com.napier.Ambry.AmbryIntegrationTest" time="0.007"/>
  <testcase name="testTopCitiesRegion" classname="com.napier.Ambry.AmbryIntegrationTest" time="0.006"/>
  <testcase name="testDistrictCities" classname="com.napier.Ambry.AmbryIntegrationTest" time="0.005"/>
  <testcase name="testWorldCapitals" classname="com.napier.Ambry.AmbryIntegrationTest" time="0.018"/>
  <testcase name="testCountryCities" classname="com.napier.Ambry.AmbryIntegrationTest" time="0.01"/>
  <testcase name="testTopNRegion" classname="com.napier.Ambry.AmbryIntegrationTest" time="0.004"/>
  <testcase name="testWorldCities" classname="com.napier.Ambry.AmbryIntegrationTest" time="0.019"/>
  <testcase name="testPopulationNotLivingInCitiesContinent" classname="com.napier.Ambry.AmbryIntegrationTest" time="0.007"/>
  <testcase name="testPopulationInCountry" classname="com.napier.Ambry.AmbryIntegrationTest" time="0.016"/>
  <testcase name="testCapitalContinent" classname="com.napier.Ambry.AmbryIntegrationTest" time="0.009"/>
  <testcase name="testTopNWorld" classname="com.napier.Ambry.AmbryIntegrationTest" time="0.003"/>
  <testcase name="testPopulationInRegion" classname="com.napier.Ambry.AmbryIntegrationTest" time="0.012"/>
  <testcase name="testPopulationLivingInCitiesContinent" classname="com.napier.Ambry.AmbryIntegrationTest" time="0.004"/>
  <testcase name="testPopulationInContinent" classname="com.napier.Ambry.AmbryIntegrationTest" time="0.011"/>
  <testcase name="testCapitalWorld" classname="com.napier.Ambry.AmbryIntegrationTest" time="0.009"/>
  <testcase name="testRegionCapitals" classname="com.napier.Ambry.AmbryIntegrationTest" time="0.005"/>
  <testcase name="testContinentCities" classname="com.napier.Ambry.AmbryIntegrationTest" time="0.013"/>
  <testcase name="testPopulationLivingInCitiesCountry" classname="com.napier.Ambry.AmbryIntegrationTest" time="0.006"/>
  <testcase name="testGetAllCountryLargeToSmall" classname="com.napier.Ambry.AmbryIntegrationTest" time="0.005"/>
  <testcase name="testCapitalRegion" classname="com.napier.Ambry.AmbryIntegrationTest" time="0.008"/>
  <testcase name="testCityStandard" classname="com.napier.Ambry.AmbryIntegrationTest" time="0.003"/>
  <testcase name="testGetAllCountryPerContinent" classname="com.napier.Ambry.AmbryIntegrationTest" time="0.004"/>
  <testcase name="testTopCitiesWorld" classname="com.napier.Ambry.AmbryIntegrationTest" time="0.004"/>
  <testcase name="testContinentCapitals" classname="com.napier.Ambry.AmbryIntegrationTest" time="0.004"/>
</testsuite>